<?xml version="1.0" encoding="UTF-8"?>
<Site BuildName="Linux-c++"
	BuildStamp="20260324-1603-Experimental"
	Name="LWCY-AARCIUCH02"
	Generator="ctest-3.28.3"
	CompilerName="/usr/bin/c++"
	CompilerVersion="13.3.0"
	OSName="Linux"
	Hostname="LWCY-AARCIUCH02"
	OSRelease="6.8.0-106-generic"
	OSVersion="#106-Ubuntu SMP PREEMPT_DYNAMIC Fri Mar  6 07:58:08 UTC 2026"
	OSPlatform="x86_64"
	Is64Bits="1"
	VendorString="GenuineIntel"
	VendorID="Intel Corporation"
	FamilyID="6"
	ModelID="158"
	ProcessorCacheSize="12288"
	NumberOfLogicalCPU="12"
	NumberOfPhysicalCPU="6"
	TotalVirtualMemory="8191"
	TotalPhysicalMemory="31934"
	LogicalProcessorsPerPhysical="2"
	ProcessorClockFrequency="4000.02"
	>
	<Testing>
		<StartDateTime>Mar 24 18:11 CET</StartDateTime>
		<StartTestTime>1774372265</StartTestTime>
		<TestList/>
		<EndDateTime>Mar 24 18:11 CET</EndDateTime>
		<EndTestTime>1774372265</EndTestTime>
		<ElapsedMinutes>0</ElapsedMinutes>
	</Testing>
</Site>
